2022-04-05 10:57:03,841 [Worker-4: Loading available Gradle versions] INFO  o.e.b.c.i.u.g.PublishedGradleVersions - Gradle version information cache is up-to-date. Trying to read.
2022-04-05 15:41:59,111 [Worker-1: Loading available Gradle versions] INFO  o.e.b.c.i.u.g.PublishedGradleVersions - Gradle version information cache is up-to-date. Trying to read.
2022-04-05 16:44:38,693 [Worker-4: Loading available Gradle versions] INFO  o.e.b.c.i.u.g.PublishedGradleVersions - Gradle version information cache is up-to-date. Trying to read.
2022-04-05 16:55:52,308 [Worker-5: Loading available Gradle versions] INFO  o.e.b.c.i.u.g.PublishedGradleVersions - Gradle version information cache is up-to-date. Trying to read.
2022-04-05 17:03:35,324 [Worker-34: https://download.eclipse.org/jetty/updates/jetty-wtp/1.0.0.201107261728/content.jar] INFO  o.a.h.c.h.i.c.HttpRequestRetryExec - Recoverable I/O exception (java.net.SocketException) caught when processing request to {s}->https://archive.eclipse.org:443
2022-04-05 17:03:35,323 [Worker-35: https://download.oracle.com/otn_software/oepe/library/javaee-7-doc/p2.index] INFO  o.a.h.c.h.i.c.HttpRequestRetryExec - Recoverable I/O exception (java.net.SocketException) caught when processing request to {s}->https://download.oracle.com:443
2022-04-05 17:03:35,575 [Worker-38: https://download.oracle.com/otn_software/oepe/library/javaee-7-doc/p2.index] INFO  o.a.h.c.h.i.c.HttpRequestRetryExec - Recoverable I/O exception (java.net.SocketException) caught when processing request to {s}->https://download.oracle.com:443
2022-04-05 17:03:35,588 [Worker-31: https://download.oracle.com/otn_software/oepe/library/javaee-7-doc/content.jar] INFO  o.a.h.c.h.i.c.HttpRequestRetryExec - Recoverable I/O exception (java.net.SocketException) caught when processing request to {s}->https://download.oracle.com:443
2022-04-05 17:03:35,598 [Worker-16: https://download.oracle.com/otn_software/oepe/library/javaee-7-doc/content.xml] INFO  o.a.h.c.h.i.c.HttpRequestRetryExec - Recoverable I/O exception (java.net.SocketException) caught when processing request to {s}->https://download.oracle.com:443
2022-04-05 17:03:35,619 [Worker-38: https://download.eclipse.org/jetty/updates/jetty-wtp/1.0.0.201107261728/content.jar] INFO  o.a.h.c.h.i.c.HttpRequestRetryExec - Recoverable I/O exception (java.net.SocketException) caught when processing request to {s}->https://download.eclipse.org:443
2022-04-05 17:03:35,629 [Worker-33: https://download.oracle.com/otn_software/oepe/library/oracle-adf-11.1.1.4-doc/p2.index] INFO  o.a.h.c.h.i.c.HttpRequestRetryExec - Recoverable I/O exception (java.net.SocketException) caught when processing request to {s}->https://download.oracle.com:443
2022-04-05 17:03:35,652 [Worker-35: https://download.eclipse.org/jetty/updates/jetty-wtp/1.0.0.201107261636/p2.index] INFO  o.a.h.c.h.i.c.HttpRequestRetryExec - Recoverable I/O exception (java.net.SocketException) caught when processing request to {s}->https://download.eclipse.org:443
2022-04-05 17:03:35,866 [Worker-36: https://download.eclipse.org/jetty/updates/jetty-wtp/1.0.0.201107261636/p2.index] INFO  o.a.h.c.h.i.c.HttpRequestRetryExec - Recoverable I/O exception (java.net.SocketException) caught when processing request to {s}->https://download.eclipse.org:443
2022-04-05 17:03:35,871 [Worker-37: https://download.oracle.com/otn_software/oepe/library/oracle-adf-11.1.1.4-doc/p2.index] INFO  o.a.h.c.h.i.c.HttpRequestRetryExec - Recoverable I/O exception (java.net.SocketException) caught when processing request to {s}->https://download.oracle.com:443
2022-04-05 17:03:35,879 [Worker-40: https://download.eclipse.org/jetty/updates/jetty-wtp/1.0.0.201107261636/content.jar] INFO  o.a.h.c.h.i.c.HttpRequestRetryExec - Recoverable I/O exception (java.net.SocketException) caught when processing request to {s}->https://download.eclipse.org:443
2022-04-05 17:03:35,891 [Worker-33: https://download.oracle.com/otn_software/oepe/library/oracle-adf-11.1.1.4-doc/content.jar] INFO  o.a.h.c.h.i.c.HttpRequestRetryExec - Recoverable I/O exception (java.net.SocketException) caught when processing request to {s}->https://download.oracle.com:443
2022-04-05 17:03:35,892 [Worker-38: https://download.eclipse.org/jetty/updates/jetty-wtp/1.0.0.201107261636/content.xml] INFO  o.a.h.c.h.i.c.HttpRequestRetryExec - Recoverable I/O exception (java.net.SocketException) caught when processing request to {s}->https://download.eclipse.org:443
2022-04-05 17:03:35,912 [Worker-40: https://download.eclipse.org/jetty/updates/jetty-wtp/1.0.0.201107211531/p2.index] INFO  o.a.h.c.h.i.c.HttpRequestRetryExec - Recoverable I/O exception (java.net.SocketException) caught when processing request to {s}->https://download.eclipse.org:443
2022-04-05 17:03:35,913 [Worker-32: https://download.oracle.com/otn_software/oepe/library/oracle-adf-11.1.1.4-doc/content.xml] INFO  o.a.h.c.h.i.c.HttpRequestRetryExec - Recoverable I/O exception (java.net.SocketException) caught when processing request to {s}->https://download.oracle.com:443
2022-04-05 17:03:35,937 [Worker-31: https://download.oracle.com/otn_software/oepe/library/oracle-adf-11.1.1.5-doc/p2.index] INFO  o.a.h.c.h.i.c.HttpRequestRetryExec - Recoverable I/O exception (java.net.SocketException) caught when processing request to {s}->https://download.oracle.com:443
2022-04-05 17:03:36,139 [Worker-40: https://download.eclipse.org/jetty/updates/jetty-wtp/1.0.0.201107211531/p2.index] INFO  o.a.h.c.h.i.c.HttpRequestRetryExec - Recoverable I/O exception (java.net.SocketException) caught when processing request to {s}->https://download.eclipse.org:443
2022-04-05 17:03:36,149 [Worker-31: https://download.oracle.com/otn_software/oepe/library/oracle-adf-11.1.1.5-doc/p2.index] INFO  o.a.h.c.h.i.c.HttpRequestRetryExec - Recoverable I/O exception (java.net.SocketException) caught when processing request to {s}->https://download.oracle.com:443
2022-04-05 17:03:36,168 [Worker-35: https://download.eclipse.org/jetty/updates/jetty-wtp/1.0.0.201107211531/content.jar] INFO  o.a.h.c.h.i.c.HttpRequestRetryExec - Recoverable I/O exception (java.net.SocketException) caught when processing request to {s}->https://download.eclipse.org:443
2022-04-05 17:03:36,172 [Worker-40: https://download.oracle.com/otn_software/oepe/library/oracle-adf-11.1.1.5-doc/content.jar] INFO  o.a.h.c.h.i.c.HttpRequestRetryExec - Recoverable I/O exception (java.net.SocketException) caught when processing request to {s}->https://download.oracle.com:443
2022-04-05 17:03:36,180 [Worker-34: https://download.eclipse.org/jetty/updates/jetty-wtp/1.0.0.201107211531/content.xml] INFO  o.a.h.c.h.i.c.HttpRequestRetryExec - Recoverable I/O exception (java.net.SocketException) caught when processing request to {s}->https://download.eclipse.org:443
2022-04-05 17:03:36,229 [Worker-31: https://download.oracle.com/otn_software/oepe/library/oracle-adf-11.1.1.5-doc/content.xml] INFO  o.a.h.c.h.i.c.HttpRequestRetryExec - Recoverable I/O exception (java.net.SocketException) caught when processing request to {s}->https://download.oracle.com:443
2022-04-05 17:03:36,243 [Worker-16: https://download.eclipse.org/jetty/updates/jetty-wtp/1.0.0.201107011148/p2.index] INFO  o.a.h.c.h.i.c.HttpRequestRetryExec - Recoverable I/O exception (java.net.SocketException) caught when processing request to {s}->https://download.eclipse.org:443
2022-04-05 17:03:36,247 [Worker-33: https://download.oracle.com/otn_software/oepe/library/oracle-adf-11.1.1.6-doc/p2.index] INFO  o.a.h.c.h.i.c.HttpRequestRetryExec - Recoverable I/O exception (java.net.SocketException) caught when processing request to {s}->https://download.oracle.com:443
2022-04-05 17:03:36,456 [Worker-33: https://download.eclipse.org/jetty/updates/jetty-wtp/1.0.0.201107011148/p2.index] INFO  o.a.h.c.h.i.c.HttpRequestRetryExec - Recoverable I/O exception (java.net.SocketException) caught when processing request to {s}->https://download.eclipse.org:443
2022-04-05 17:03:36,461 [Worker-34: https://download.oracle.com/otn_software/oepe/library/oracle-adf-11.1.1.6-doc/p2.index] INFO  o.a.h.c.h.i.c.HttpRequestRetryExec - Recoverable I/O exception (java.net.SocketException) caught when processing request to {s}->https://download.oracle.com:443
2022-04-05 17:03:36,481 [Worker-40: https://download.eclipse.org/jetty/updates/jetty-wtp/1.0.0.201107011148/content.jar] INFO  o.a.h.c.h.i.c.HttpRequestRetryExec - Recoverable I/O exception (java.net.SocketException) caught when processing request to {s}->https://download.eclipse.org:443
2022-04-05 17:03:36,503 [Worker-31: https://download.oracle.com/otn_software/oepe/library/oracle-adf-11.1.1.6-doc/content.jar] INFO  o.a.h.c.h.i.c.HttpRequestRetryExec - Recoverable I/O exception (java.net.SocketException) caught when processing request to {s}->https://download.oracle.com:443
2022-04-05 17:03:36,505 [Worker-38: https://download.eclipse.org/jetty/updates/jetty-wtp/1.0.0.201107011148/content.xml] INFO  o.a.h.c.h.i.c.HttpRequestRetryExec - Recoverable I/O exception (java.net.SocketException) caught when processing request to {s}->https://download.eclipse.org:443
2022-04-05 17:03:36,519 [Worker-34: https://download.oracle.com/otn_software/oepe/library/oracle-adf-11.1.1.6-doc/content.xml] INFO  o.a.h.c.h.i.c.HttpRequestRetryExec - Recoverable I/O exception (java.net.SocketException) caught when processing request to {s}->https://download.oracle.com:443
2022-04-05 17:03:36,525 [Worker-31: https://download.eclipse.org/jetty/updates/jetty-wtp/1.0.0.201106170956/p2.index] INFO  o.a.h.c.h.i.c.HttpRequestRetryExec - Recoverable I/O exception (java.net.SocketException) caught when processing request to {s}->https://download.eclipse.org:443
2022-04-05 17:03:36,544 [Worker-35: https://download.oracle.com/otn_software/oepe/library/oracle-adf-11.1.1.7-doc/p2.index] INFO  o.a.h.c.h.i.c.HttpRequestRetryExec - Recoverable I/O exception (java.net.SocketException) caught when processing request to {s}->https://download.oracle.com:443
2022-04-05 17:03:36,738 [Worker-34: https://download.eclipse.org/jetty/updates/jetty-wtp/1.0.0.201106170956/p2.index] INFO  o.a.h.c.h.i.c.HttpRequestRetryExec - Recoverable I/O exception (java.net.SocketException) caught when processing request to {s}->https://download.eclipse.org:443
2022-04-05 17:03:36,754 [Worker-31: https://download.oracle.com/otn_software/oepe/library/oracle-adf-11.1.1.7-doc/p2.index] INFO  o.a.h.c.h.i.c.HttpRequestRetryExec - Recoverable I/O exception (java.net.SocketException) caught when processing request to {s}->https://download.oracle.com:443
2022-04-05 17:03:36,773 [Worker-35: https://download.eclipse.org/jetty/updates/jetty-wtp/1.0.0.201106170956/content.jar] INFO  o.a.h.c.h.i.c.HttpRequestRetryExec - Recoverable I/O exception (java.net.SocketException) caught when processing request to {s}->https://download.eclipse.org:443
2022-04-05 17:03:36,774 [Worker-33: https://download.oracle.com/otn_software/oepe/library/oracle-adf-11.1.1.7-doc/content.jar] INFO  o.a.h.c.h.i.c.HttpRequestRetryExec - Recoverable I/O exception (java.net.SocketException) caught when processing request to {s}->https://download.oracle.com:443
2022-04-05 17:03:36,783 [Worker-31: https://download.eclipse.org/jetty/updates/jetty-wtp/1.0.0.201106170956/content.xml] INFO  o.a.h.c.h.i.c.HttpRequestRetryExec - Recoverable I/O exception (java.net.SocketException) caught when processing request to {s}->https://download.eclipse.org:443
2022-04-05 17:03:36,788 [Worker-40: https://download.oracle.com/otn_software/oepe/library/oracle-adf-11.1.1.7-doc/content.xml] INFO  o.a.h.c.h.i.c.HttpRequestRetryExec - Recoverable I/O exception (java.net.SocketException) caught when processing request to {s}->https://download.oracle.com:443
2022-04-05 17:03:36,804 [Worker-42: https://download.eclipse.org/jetty/updates/jetty-wtp/1.0.0.201011170957/p2.index] INFO  o.a.h.c.h.i.c.HttpRequestRetryExec - Recoverable I/O exception (java.net.SocketException) caught when processing request to {s}->https://download.eclipse.org:443
2022-04-05 17:03:36,812 [Worker-33: https://download.oracle.com/otn_software/oepe/library/oracle-adf-12.1.2-doc/p2.index] INFO  o.a.h.c.h.i.c.HttpRequestRetryExec - Recoverable I/O exception (java.net.SocketException) caught when processing request to {s}->https://download.oracle.com:443
2022-04-05 17:03:37,018 [Worker-40: https://download.eclipse.org/jetty/updates/jetty-wtp/1.0.0.201011170957/p2.index] INFO  o.a.h.c.h.i.c.HttpRequestRetryExec - Recoverable I/O exception (java.net.SocketException) caught when processing request to {s}->https://download.eclipse.org:443
2022-04-05 17:03:37,027 [Worker-42: https://download.oracle.com/otn_software/oepe/library/oracle-adf-12.1.2-doc/p2.index] INFO  o.a.h.c.h.i.c.HttpRequestRetryExec - Recoverable I/O exception (java.net.SocketException) caught when processing request to {s}->https://download.oracle.com:443
2022-04-05 17:03:37,038 [Worker-40: https://download.eclipse.org/jetty/updates/jetty-wtp/1.0.0.201011170957/content.jar] INFO  o.a.h.c.h.i.c.HttpRequestRetryExec - Recoverable I/O exception (java.net.SocketException) caught when processing request to {s}->https://download.eclipse.org:443
2022-04-05 17:03:37,050 [Worker-31: https://download.oracle.com/otn_software/oepe/library/oracle-adf-12.1.2-doc/content.jar] INFO  o.a.h.c.h.i.c.HttpRequestRetryExec - Recoverable I/O exception (java.net.SocketException) caught when processing request to {s}->https://download.oracle.com:443
2022-04-05 17:03:37,052 [Worker-38: https://download.eclipse.org/jetty/updates/jetty-wtp/1.0.0.201011170957/content.xml] INFO  o.a.h.c.h.i.c.HttpRequestRetryExec - Recoverable I/O exception (java.net.SocketException) caught when processing request to {s}->https://download.eclipse.org:443
2022-04-05 17:03:37,063 [Worker-43: https://download.oracle.com/otn_software/oepe/library/oracle-adf-12.1.2-doc/content.xml] INFO  o.a.h.c.h.i.c.HttpRequestRetryExec - Recoverable I/O exception (java.net.SocketException) caught when processing request to {s}->https://download.oracle.com:443
2022-04-05 17:03:37,071 [Worker-38: https://download.eclipse.org/jetty/updates/jetty-wtp/1.0.0.201012081212/p2.index] INFO  o.a.h.c.h.i.c.HttpRequestRetryExec - Recoverable I/O exception (java.net.SocketException) caught when processing request to {s}->https://download.eclipse.org:443
2022-04-05 17:03:37,087 [Worker-40: https://download.oracle.com/otn_software/oepe/library/oracle-adf-12.1.3-doc/p2.index] INFO  o.a.h.c.h.i.c.HttpRequestRetryExec - Recoverable I/O exception (java.net.SocketException) caught when processing request to {s}->https://download.oracle.com:443
2022-04-05 17:03:37,283 [Worker-31: https://download.eclipse.org/jetty/updates/jetty-wtp/1.0.0.201012081212/p2.index] INFO  o.a.h.c.h.i.c.HttpRequestRetryExec - Recoverable I/O exception (java.net.SocketException) caught when processing request to {s}->https://download.eclipse.org:443
2022-04-05 17:03:37,292 [Worker-38: https://download.eclipse.org/jetty/updates/jetty-wtp/1.0.0.201012081212/content.jar] INFO  o.a.h.c.h.i.c.HttpRequestRetryExec - Recoverable I/O exception (java.net.SocketException) caught when processing request to {s}->https://download.eclipse.org:443
2022-04-05 17:03:37,305 [Worker-42: https://download.oracle.com/otn_software/oepe/library/oracle-adf-12.1.3-doc/p2.index] INFO  o.a.h.c.h.i.c.HttpRequestRetryExec - Recoverable I/O exception (java.net.SocketException) caught when processing request to {s}->https://download.oracle.com:443
2022-04-05 17:03:37,318 [Worker-42: https://download.eclipse.org/jetty/updates/jetty-wtp/1.0.0.201012081212/content.xml] INFO  o.a.h.c.h.i.c.HttpRequestRetryExec - Recoverable I/O exception (java.net.SocketException) caught when processing request to {s}->https://download.eclipse.org:443
2022-04-05 17:03:37,320 [Worker-43: https://download.oracle.com/otn_software/oepe/library/oracle-adf-12.1.3-doc/content.jar] INFO  o.a.h.c.h.i.c.HttpRequestRetryExec - Recoverable I/O exception (java.net.SocketException) caught when processing request to {s}->https://download.oracle.com:443
2022-04-05 17:03:37,354 [Worker-43: https://download.oracle.com/otn_software/oepe/library/oracle-adf-12.1.3-doc/content.xml] INFO  o.a.h.c.h.i.c.HttpRequestRetryExec - Recoverable I/O exception (java.net.SocketException) caught when processing request to {s}->https://download.oracle.com:443
2022-04-05 17:03:37,363 [Worker-42: https://download.eclipse.org/jetty/updates/jetty-wtp/1.0.0.201012221052/p2.index] INFO  o.a.h.c.h.i.c.HttpRequestRetryExec - Recoverable I/O exception (java.net.SocketException) caught when processing request to {s}->https://download.eclipse.org:443
2022-04-05 17:03:37,377 [Worker-38: https://download.oracle.com/otn_software/oepe/library/oracle-adf-12.2.1-doc/p2.index] INFO  o.a.h.c.h.i.c.HttpRequestRetryExec - Recoverable I/O exception (java.net.SocketException) caught when processing request to {s}->https://download.oracle.com:443
2022-04-05 17:03:37,577 [Worker-43: https://download.eclipse.org/jetty/updates/jetty-wtp/1.0.0.201012221052/p2.index] INFO  o.a.h.c.h.i.c.HttpRequestRetryExec - Recoverable I/O exception (java.net.SocketException) caught when processing request to {s}->https://download.eclipse.org:443
2022-04-05 17:03:37,593 [Worker-42: https://download.eclipse.org/jetty/updates/jetty-wtp/1.0.0.201012221052/content.jar] INFO  o.a.h.c.h.i.c.HttpRequestRetryExec - Recoverable I/O exception (java.net.SocketException) caught when processing request to {s}->https://download.eclipse.org:443
2022-04-05 17:03:37,594 [Worker-43: https://download.oracle.com/otn_software/oepe/library/oracle-adf-12.2.1-doc/p2.index] INFO  o.a.h.c.h.i.c.HttpRequestRetryExec - Recoverable I/O exception (java.net.SocketException) caught when processing request to {s}->https://download.oracle.com:443
2022-04-05 17:03:37,606 [Worker-46: https://download.eclipse.org/jetty/updates/jetty-wtp/1.0.0.201012221052/content.xml] INFO  o.a.h.c.h.i.c.HttpRequestRetryExec - Recoverable I/O exception (java.net.SocketException) caught when processing request to {s}->https://download.eclipse.org:443
2022-04-05 17:03:37,607 [Worker-42: https://download.oracle.com/otn_software/oepe/library/oracle-adf-12.2.1-doc/content.jar] INFO  o.a.h.c.h.i.c.HttpRequestRetryExec - Recoverable I/O exception (java.net.SocketException) caught when processing request to {s}->https://download.oracle.com:443
2022-04-05 17:03:37,619 [Worker-47: https://download.oracle.com/otn_software/oepe/library/oracle-adf-12.2.1-doc/content.xml] INFO  o.a.h.c.h.i.c.HttpRequestRetryExec - Recoverable I/O exception (java.net.SocketException) caught when processing request to {s}->https://download.oracle.com:443
2022-04-05 17:03:37,620 [Worker-43: https://download.eclipse.org/jetty/updates/jetty-wtp/1.0.0.201203011137/p2.index] INFO  o.a.h.c.h.i.c.HttpRequestRetryExec - Recoverable I/O exception (java.net.SocketException) caught when processing request to {s}->https://download.eclipse.org:443
2022-04-05 17:03:37,651 [Worker-43: https://download.oracle.com/otn_software/oepe/library/oracle-maf-2-rt/p2.index] INFO  o.a.h.c.h.i.c.HttpRequestRetryExec - Recoverable I/O exception (java.net.SocketException) caught when processing request to {s}->https://download.oracle.com:443
2022-04-05 17:03:37,837 [Worker-44: https://download.eclipse.org/jetty/updates/jetty-wtp/1.0.0.201203011137/p2.index] INFO  o.a.h.c.h.i.c.HttpRequestRetryExec - Recoverable I/O exception (java.net.SocketException) caught when processing request to {s}->https://download.eclipse.org:443
2022-04-05 17:03:37,865 [Worker-42: https://download.eclipse.org/jetty/updates/jetty-wtp/1.0.0.201203011137/content.jar] INFO  o.a.h.c.h.i.c.HttpRequestRetryExec - Recoverable I/O exception (java.net.SocketException) caught when processing request to {s}->https://download.eclipse.org:443
2022-04-05 17:03:37,872 [Worker-46: https://download.oracle.com/otn_software/oepe/library/oracle-maf-2-rt/p2.index] INFO  o.a.h.c.h.i.c.HttpRequestRetryExec - Recoverable I/O exception (java.net.SocketException) caught when processing request to {s}->https://download.oracle.com:443
2022-04-05 17:03:37,917 [Worker-44: https://download.eclipse.org/jetty/updates/jetty-wtp/1.0.0.201203011137/content.xml] INFO  o.a.h.c.h.i.c.HttpRequestRetryExec - Recoverable I/O exception (java.net.SocketException) caught when processing request to {s}->https://download.eclipse.org:443
2022-04-05 17:03:37,925 [Worker-46: https://download.oracle.com/otn_software/oepe/library/oracle-maf-2-rt/content.jar] INFO  o.a.h.c.h.i.c.HttpRequestRetryExec - Recoverable I/O exception (java.net.SocketException) caught when processing request to {s}->https://download.oracle.com:443
2022-04-05 17:03:37,952 [Worker-42: https://download.oracle.com/otn_software/oepe/library/oracle-maf-2-rt/content.xml] INFO  o.a.h.c.h.i.c.HttpRequestRetryExec - Recoverable I/O exception (java.net.SocketException) caught when processing request to {s}->https://download.oracle.com:443
2022-04-05 17:03:37,966 [Worker-44: https://download.oracle.com/otn_software/oepe/library/oracle-maf-2-examples/p2.index] INFO  o.a.h.c.h.i.c.HttpRequestRetryExec - Recoverable I/O exception (java.net.SocketException) caught when processing request to {s}->https://download.oracle.com:443
2022-04-05 17:03:38,180 [Worker-48: https://download.oracle.com/otn_software/oepe/library/oracle-maf-2-examples/p2.index] INFO  o.a.h.c.h.i.c.HttpRequestRetryExec - Recoverable I/O exception (java.net.SocketException) caught when processing request to {s}->https://download.oracle.com:443
2022-04-05 17:03:38,192 [Worker-44: https://download.oracle.com/otn_software/oepe/library/oracle-maf-2-examples/content.jar] INFO  o.a.h.c.h.i.c.HttpRequestRetryExec - Recoverable I/O exception (java.net.SocketException) caught when processing request to {s}->https://download.oracle.com:443
2022-04-05 17:03:38,203 [Worker-42: https://download.oracle.com/otn_software/oepe/library/oracle-maf-2-examples/content.xml] INFO  o.a.h.c.h.i.c.HttpRequestRetryExec - Recoverable I/O exception (java.net.SocketException) caught when processing request to {s}->https://download.oracle.com:443
2022-04-05 17:03:38,220 [Worker-48: https://download.oracle.com/otn_software/oepe/library/oracle-maf-2.0.1.0.2-rt/p2.index] INFO  o.a.h.c.h.i.c.HttpRequestRetryExec - Recoverable I/O exception (java.net.SocketException) caught when processing request to {s}->https://download.oracle.com:443
2022-04-05 17:03:38,448 [Worker-42: https://download.oracle.com/otn_software/oepe/library/oracle-maf-2.0.1.0.2-rt/p2.index] INFO  o.a.h.c.h.i.c.HttpRequestRetryExec - Recoverable I/O exception (java.net.SocketException) caught when processing request to {s}->https://download.oracle.com:443
2022-04-05 17:03:38,459 [Worker-48: https://download.oracle.com/otn_software/oepe/library/oracle-maf-2.0.1.0.2-rt/content.jar] INFO  o.a.h.c.h.i.c.HttpRequestRetryExec - Recoverable I/O exception (java.net.SocketException) caught when processing request to {s}->https://download.oracle.com:443
2022-04-05 17:03:38,470 [Worker-44: https://download.oracle.com/otn_software/oepe/library/oracle-maf-2.0.1.0.2-rt/content.xml] INFO  o.a.h.c.h.i.c.HttpRequestRetryExec - Recoverable I/O exception (java.net.SocketException) caught when processing request to {s}->https://download.oracle.com:443
2022-04-05 17:03:38,493 [Worker-50: https://download.oracle.com/otn_software/oepe/library/oracle-maf-2.0.1-examples/p2.index] INFO  o.a.h.c.h.i.c.HttpRequestRetryExec - Recoverable I/O exception (java.net.SocketException) caught when processing request to {s}->https://download.oracle.com:443
2022-04-05 17:03:38,713 [Worker-50: https://download.oracle.com/otn_software/oepe/library/oracle-maf-2.0.1-examples/p2.index] INFO  o.a.h.c.h.i.c.HttpRequestRetryExec - Recoverable I/O exception (java.net.SocketException) caught when processing request to {s}->https://download.oracle.com:443
2022-04-05 17:03:38,722 [Worker-50: https://download.oracle.com/otn_software/oepe/library/oracle-maf-2.0.1-examples/content.jar] INFO  o.a.h.c.h.i.c.HttpRequestRetryExec - Recoverable I/O exception (java.net.SocketException) caught when processing request to {s}->https://download.oracle.com:443
2022-04-05 17:03:38,742 [Worker-51: https://download.oracle.com/otn_software/oepe/library/oracle-maf-2.0.1-examples/content.xml] INFO  o.a.h.c.h.i.c.HttpRequestRetryExec - Recoverable I/O exception (java.net.SocketException) caught when processing request to {s}->https://download.oracle.com:443
2022-04-05 17:03:38,753 [Worker-48: https://download.oracle.com/otn_software/oepe/library/oracle-maf-2.1.0.0.1-rt/p2.index] INFO  o.a.h.c.h.i.c.HttpRequestRetryExec - Recoverable I/O exception (java.net.SocketException) caught when processing request to {s}->https://download.oracle.com:443
2022-04-05 17:03:38,965 [Worker-51: https://download.oracle.com/otn_software/oepe/library/oracle-maf-2.1.0.0.1-rt/p2.index] INFO  o.a.h.c.h.i.c.HttpRequestRetryExec - Recoverable I/O exception (java.net.SocketException) caught when processing request to {s}->https://download.oracle.com:443
2022-04-05 17:03:38,977 [Worker-48: https://download.oracle.com/otn_software/oepe/library/oracle-maf-2.1.0.0.1-rt/content.jar] INFO  o.a.h.c.h.i.c.HttpRequestRetryExec - Recoverable I/O exception (java.net.SocketException) caught when processing request to {s}->https://download.oracle.com:443
2022-04-05 17:03:39,005 [Worker-51: https://download.oracle.com/otn_software/oepe/library/oracle-maf-2.1.0.0.1-rt/content.xml] INFO  o.a.h.c.h.i.c.HttpRequestRetryExec - Recoverable I/O exception (java.net.SocketException) caught when processing request to {s}->https://download.oracle.com:443
2022-04-05 17:03:39,019 [Worker-52: https://download.oracle.com/otn_software/oepe/library/oracle-maf-2.1-examples/p2.index] INFO  o.a.h.c.h.i.c.HttpRequestRetryExec - Recoverable I/O exception (java.net.SocketException) caught when processing request to {s}->https://download.oracle.com:443
2022-04-05 17:03:39,231 [Worker-50: https://download.oracle.com/otn_software/oepe/library/oracle-maf-2.1-examples/p2.index] INFO  o.a.h.c.h.i.c.HttpRequestRetryExec - Recoverable I/O exception (java.net.SocketException) caught when processing request to {s}->https://download.oracle.com:443
2022-04-05 17:03:39,242 [Worker-51: https://download.oracle.com/otn_software/oepe/library/oracle-maf-2.1-examples/content.jar] INFO  o.a.h.c.h.i.c.HttpRequestRetryExec - Recoverable I/O exception (java.net.SocketException) caught when processing request to {s}->https://download.oracle.com:443
2022-04-05 17:03:39,262 [Worker-51: https://download.oracle.com/otn_software/oepe/library/oracle-maf-2.1-examples/content.xml] INFO  o.a.h.c.h.i.c.HttpRequestRetryExec - Recoverable I/O exception (java.net.SocketException) caught when processing request to {s}->https://download.oracle.com:443
2022-04-05 17:03:39,276 [Worker-50: https://download.oracle.com/otn_software/oepe/library/oracle-maf-2.1.1.0.1-rt/p2.index] INFO  o.a.h.c.h.i.c.HttpRequestRetryExec - Recoverable I/O exception (java.net.SocketException) caught when processing request to {s}->https://download.oracle.com:443
2022-04-05 17:03:39,497 [Worker-50: https://download.oracle.com/otn_software/oepe/library/oracle-maf-2.1.1.0.1-rt/p2.index] INFO  o.a.h.c.h.i.c.HttpRequestRetryExec - Recoverable I/O exception (java.net.SocketException) caught when processing request to {s}->https://download.oracle.com:443
2022-04-05 17:03:39,508 [Worker-51: https://download.oracle.com/otn_software/oepe/library/oracle-maf-2.1.1.0.1-rt/content.jar] INFO  o.a.h.c.h.i.c.HttpRequestRetryExec - Recoverable I/O exception (java.net.SocketException) caught when processing request to {s}->https://download.oracle.com:443
2022-04-05 17:03:39,518 [Worker-52: https://download.oracle.com/otn_software/oepe/library/oracle-maf-2.1.1.0.1-rt/content.xml] INFO  o.a.h.c.h.i.c.HttpRequestRetryExec - Recoverable I/O exception (java.net.SocketException) caught when processing request to {s}->https://download.oracle.com:443
2022-04-05 17:03:39,552 [Worker-52: https://download.oracle.com/otn_software/oepe/library/oracle-maf-2.1.1-examples/p2.index] INFO  o.a.h.c.h.i.c.HttpRequestRetryExec - Recoverable I/O exception (java.net.SocketException) caught when processing request to {s}->https://download.oracle.com:443
2022-04-05 17:03:39,764 [Worker-51: https://download.oracle.com/otn_software/oepe/library/oracle-maf-2.1.1-examples/p2.index] INFO  o.a.h.c.h.i.c.HttpRequestRetryExec - Recoverable I/O exception (java.net.SocketException) caught when processing request to {s}->https://download.oracle.com:443
2022-04-05 17:03:39,773 [Worker-52: https://download.oracle.com/otn_software/oepe/library/oracle-maf-2.1.1-examples/content.jar] INFO  o.a.h.c.h.i.c.HttpRequestRetryExec - Recoverable I/O exception (java.net.SocketException) caught when processing request to {s}->https://download.oracle.com:443
2022-04-05 17:03:39,781 [Worker-54: https://download.oracle.com/otn_software/oepe/library/oracle-maf-2.1.1-examples/content.xml] INFO  o.a.h.c.h.i.c.HttpRequestRetryExec - Recoverable I/O exception (java.net.SocketException) caught when processing request to {s}->https://download.oracle.com:443
2022-04-05 17:03:39,794 [Worker-54: https://download.oracle.com/otn_software/oepe/library/oracle-maf-2.1.2.0.1-rt/p2.index] INFO  o.a.h.c.h.i.c.HttpRequestRetryExec - Recoverable I/O exception (java.net.SocketException) caught when processing request to {s}->https://download.oracle.com:443
2022-04-05 17:03:40,008 [Worker-55: https://download.oracle.com/otn_software/oepe/library/oracle-maf-2.1.2.0.1-rt/p2.index] INFO  o.a.h.c.h.i.c.HttpRequestRetryExec - Recoverable I/O exception (java.net.SocketException) caught when processing request to {s}->https://download.oracle.com:443
2022-04-05 17:03:40,024 [Worker-51: https://download.oracle.com/otn_software/oepe/library/oracle-maf-2.1.2.0.1-rt/content.jar] INFO  o.a.h.c.h.i.c.HttpRequestRetryExec - Recoverable I/O exception (java.net.SocketException) caught when processing request to {s}->https://download.oracle.com:443
2022-04-05 17:03:40,037 [Worker-55: https://download.oracle.com/otn_software/oepe/library/oracle-maf-2.1.2.0.1-rt/content.xml] INFO  o.a.h.c.h.i.c.HttpRequestRetryExec - Recoverable I/O exception (java.net.SocketException) caught when processing request to {s}->https://download.oracle.com:443
2022-04-05 17:03:40,054 [Worker-54: https://download.oracle.com/otn_software/oepe/library/oracle-maf-2.1.2-examples/p2.index] INFO  o.a.h.c.h.i.c.HttpRequestRetryExec - Recoverable I/O exception (java.net.SocketException) caught when processing request to {s}->https://download.oracle.com:443
2022-04-05 17:03:40,269 [Worker-51: https://download.oracle.com/otn_software/oepe/library/oracle-maf-2.1.2-examples/p2.index] INFO  o.a.h.c.h.i.c.HttpRequestRetryExec - Recoverable I/O exception (java.net.SocketException) caught when processing request to {s}->https://download.oracle.com:443
2022-04-05 17:03:40,284 [Worker-55: https://download.oracle.com/otn_software/oepe/library/oracle-maf-2.1.2-examples/content.jar] INFO  o.a.h.c.h.i.c.HttpRequestRetryExec - Recoverable I/O exception (java.net.SocketException) caught when processing request to {s}->https://download.oracle.com:443
2022-04-05 17:03:40,298 [Worker-55: https://download.oracle.com/otn_software/oepe/library/oracle-maf-2.1.2-examples/content.xml] INFO  o.a.h.c.h.i.c.HttpRequestRetryExec - Recoverable I/O exception (java.net.SocketException) caught when processing request to {s}->https://download.oracle.com:443
2022-04-05 17:03:40,314 [Worker-55: https://download.oracle.com/otn_software/oepe/library/oracle-maf-2.1.3-rt/p2.index] INFO  o.a.h.c.h.i.c.HttpRequestRetryExec - Recoverable I/O exception (java.net.SocketException) caught when processing request to {s}->https://download.oracle.com:443
2022-04-05 17:03:40,525 [Worker-55: https://download.oracle.com/otn_software/oepe/library/oracle-maf-2.1.3-rt/p2.index] INFO  o.a.h.c.h.i.c.HttpRequestRetryExec - Recoverable I/O exception (java.net.SocketException) caught when processing request to {s}->https://download.oracle.com:443
2022-04-05 17:03:40,546 [Worker-54: https://download.oracle.com/otn_software/oepe/library/oracle-maf-2.1.3-rt/content.jar] INFO  o.a.h.c.h.i.c.HttpRequestRetryExec - Recoverable I/O exception (java.net.SocketException) caught when processing request to {s}->https://download.oracle.com:443
2022-04-05 17:03:40,557 [Worker-58: https://download.oracle.com/otn_software/oepe/library/oracle-maf-2.1.3-rt/content.xml] INFO  o.a.h.c.h.i.c.HttpRequestRetryExec - Recoverable I/O exception (java.net.SocketException) caught when processing request to {s}->https://download.oracle.com:443
2022-04-05 17:03:40,571 [Worker-58: https://download.oracle.com/otn_software/oepe/library/oracle-maf-2.1.3-examples/p2.index] INFO  o.a.h.c.h.i.c.HttpRequestRetryExec - Recoverable I/O exception (java.net.SocketException) caught when processing request to {s}->https://download.oracle.com:443
2022-04-05 17:03:40,784 [Worker-57: https://download.oracle.com/otn_software/oepe/library/oracle-maf-2.1.3-examples/p2.index] INFO  o.a.h.c.h.i.c.HttpRequestRetryExec - Recoverable I/O exception (java.net.SocketException) caught when processing request to {s}->https://download.oracle.com:443
2022-04-05 17:03:40,795 [Worker-54: https://download.oracle.com/otn_software/oepe/library/oracle-maf-2.1.3-examples/content.jar] INFO  o.a.h.c.h.i.c.HttpRequestRetryExec - Recoverable I/O exception (java.net.SocketException) caught when processing request to {s}->https://download.oracle.com:443
2022-04-05 17:03:40,806 [Worker-57: https://download.oracle.com/otn_software/oepe/library/oracle-maf-2.1.3-examples/content.xml] INFO  o.a.h.c.h.i.c.HttpRequestRetryExec - Recoverable I/O exception (java.net.SocketException) caught when processing request to {s}->https://download.oracle.com:443
2022-04-05 17:03:40,820 [Worker-57: https://download.oracle.com/otn_software/oepe/library/oracle-maf-2.2.0.1-rt/p2.index] INFO  o.a.h.c.h.i.c.HttpRequestRetryExec - Recoverable I/O exception (java.net.SocketException) caught when processing request to {s}->https://download.oracle.com:443
2022-04-05 17:03:41,034 [Worker-58: https://download.oracle.com/otn_software/oepe/library/oracle-maf-2.2.0.1-rt/p2.index] INFO  o.a.h.c.h.i.c.HttpRequestRetryExec - Recoverable I/O exception (java.net.SocketException) caught when processing request to {s}->https://download.oracle.com:443
2022-04-05 17:03:41,046 [Worker-57: https://download.oracle.com/otn_software/oepe/library/oracle-maf-2.2.0.1-rt/content.jar] INFO  o.a.h.c.h.i.c.HttpRequestRetryExec - Recoverable I/O exception (java.net.SocketException) caught when processing request to {s}->https://download.oracle.com:443
2022-04-05 17:03:41,059 [Worker-60: https://download.oracle.com/otn_software/oepe/library/oracle-maf-2.2.0.1-rt/content.xml] INFO  o.a.h.c.h.i.c.HttpRequestRetryExec - Recoverable I/O exception (java.net.SocketException) caught when processing request to {s}->https://download.oracle.com:443
2022-04-05 17:03:41,077 [Worker-60: https://download.oracle.com/otn_software/oepe/library/oracle-maf-2.2-examples/p2.index] INFO  o.a.h.c.h.i.c.HttpRequestRetryExec - Recoverable I/O exception (java.net.SocketException) caught when processing request to {s}->https://download.oracle.com:443
2022-04-05 17:03:41,288 [Worker-57: https://download.oracle.com/otn_software/oepe/library/oracle-maf-2.2-examples/p2.index] INFO  o.a.h.c.h.i.c.HttpRequestRetryExec - Recoverable I/O exception (java.net.SocketException) caught when processing request to {s}->https://download.oracle.com:443
2022-04-05 17:03:41,297 [Worker-58: https://download.oracle.com/otn_software/oepe/library/oracle-maf-2.2-examples/content.jar] INFO  o.a.h.c.h.i.c.HttpRequestRetryExec - Recoverable I/O exception (java.net.SocketException) caught when processing request to {s}->https://download.oracle.com:443
2022-04-05 17:03:41,307 [Worker-57: https://download.oracle.com/otn_software/oepe/library/oracle-maf-2.2-examples/content.xml] INFO  o.a.h.c.h.i.c.HttpRequestRetryExec - Recoverable I/O exception (java.net.SocketException) caught when processing request to {s}->https://download.oracle.com:443
2022-04-05 17:03:41,320 [Worker-58: https://download.oracle.com/otn_software/oepe/library/oracle-maf-2.2.1-rt/p2.index] INFO  o.a.h.c.h.i.c.HttpRequestRetryExec - Recoverable I/O exception (java.net.SocketException) caught when processing request to {s}->https://download.oracle.com:443
2022-04-05 17:03:41,530 [Worker-57: https://download.oracle.com/otn_software/oepe/library/oracle-maf-2.2.1-rt/p2.index] INFO  o.a.h.c.h.i.c.HttpRequestRetryExec - Recoverable I/O exception (java.net.SocketException) caught when processing request to {s}->https://download.oracle.com:443
2022-04-05 17:03:41,540 [Worker-61: https://download.oracle.com/otn_software/oepe/library/oracle-maf-2.2.1-rt/content.jar] INFO  o.a.h.c.h.i.c.HttpRequestRetryExec - Recoverable I/O exception (java.net.SocketException) caught when processing request to {s}->https://download.oracle.com:443
2022-04-05 17:03:41,550 [Worker-57: https://download.oracle.com/otn_software/oepe/library/oracle-maf-2.2.1-rt/content.xml] INFO  o.a.h.c.h.i.c.HttpRequestRetryExec - Recoverable I/O exception (java.net.SocketException) caught when processing request to {s}->https://download.oracle.com:443
2022-04-05 17:03:41,565 [Worker-61: https://download.oracle.com/otn_software/oepe/library/oracle-maf-2.2.1-examples/p2.index] INFO  o.a.h.c.h.i.c.HttpRequestRetryExec - Recoverable I/O exception (java.net.SocketException) caught when processing request to {s}->https://download.oracle.com:443
2022-04-05 17:03:41,787 [Worker-61: https://download.oracle.com/otn_software/oepe/library/oracle-maf-2.2.1-examples/p2.index] INFO  o.a.h.c.h.i.c.HttpRequestRetryExec - Recoverable I/O exception (java.net.SocketException) caught when processing request to {s}->https://download.oracle.com:443
2022-04-05 17:03:41,798 [Worker-57: https://download.oracle.com/otn_software/oepe/library/oracle-maf-2.2.1-examples/content.jar] INFO  o.a.h.c.h.i.c.HttpRequestRetryExec - Recoverable I/O exception (java.net.SocketException) caught when processing request to {s}->https://download.oracle.com:443
2022-04-05 17:03:41,817 [Worker-61: https://download.oracle.com/otn_software/oepe/library/oracle-maf-2.2.1-examples/content.xml] INFO  o.a.h.c.h.i.c.HttpRequestRetryExec - Recoverable I/O exception (java.net.SocketException) caught when processing request to {s}->https://download.oracle.com:443
2022-04-05 17:03:41,834 [Worker-63: https://download.oracle.com/otn_software/oepe/library/oracle-maf-2.2.2-rt/p2.index] INFO  o.a.h.c.h.i.c.HttpRequestRetryExec - Recoverable I/O exception (java.net.SocketException) caught when processing request to {s}->https://download.oracle.com:443
2022-04-05 17:03:42,046 [Worker-58: https://download.oracle.com/otn_software/oepe/library/oracle-maf-2.2.2-rt/p2.index] INFO  o.a.h.c.h.i.c.HttpRequestRetryExec - Recoverable I/O exception (java.net.SocketException) caught when processing request to {s}->https://download.oracle.com:443
2022-04-05 17:03:42,068 [Worker-61: https://download.oracle.com/otn_software/oepe/library/oracle-maf-2.2.2-rt/content.jar] INFO  o.a.h.c.h.i.c.HttpRequestRetryExec - Recoverable I/O exception (java.net.SocketException) caught when processing request to {s}->https://download.oracle.com:443
2022-04-05 17:03:42,080 [Worker-64: https://download.oracle.com/otn_software/oepe/library/oracle-maf-2.2.2-rt/content.xml] INFO  o.a.h.c.h.i.c.HttpRequestRetryExec - Recoverable I/O exception (java.net.SocketException) caught when processing request to {s}->https://download.oracle.com:443
2022-04-05 17:03:42,095 [Worker-61: https://download.oracle.com/otn_software/oepe/library/oracle-maf-2.2.2-examples/p2.index] INFO  o.a.h.c.h.i.c.HttpRequestRetryExec - Recoverable I/O exception (java.net.SocketException) caught when processing request to {s}->https://download.oracle.com:443
2022-04-05 17:03:42,306 [Worker-65: https://download.oracle.com/otn_software/oepe/library/oracle-maf-2.2.2-examples/p2.index] INFO  o.a.h.c.h.i.c.HttpRequestRetryExec - Recoverable I/O exception (java.net.SocketException) caught when processing request to {s}->https://download.oracle.com:443
2022-04-05 17:03:42,328 [Worker-58: https://download.oracle.com/otn_software/oepe/library/oracle-maf-2.2.2-examples/content.jar] INFO  o.a.h.c.h.i.c.HttpRequestRetryExec - Recoverable I/O exception (java.net.SocketException) caught when processing request to {s}->https://download.oracle.com:443
2022-04-05 17:03:42,349 [Worker-61: https://download.oracle.com/otn_software/oepe/library/oracle-maf-2.2.2-examples/content.xml] INFO  o.a.h.c.h.i.c.HttpRequestRetryExec - Recoverable I/O exception (java.net.SocketException) caught when processing request to {s}->https://download.oracle.com:443
2022-04-05 17:03:42,365 [Worker-67: https://download.oracle.com/otn_software/oepe/library/oracle-maf-2.3.0.1-rt/p2.index] INFO  o.a.h.c.h.i.c.HttpRequestRetryExec - Recoverable I/O exception (java.net.SocketException) caught when processing request to {s}->https://download.oracle.com:443
2022-04-05 17:03:42,585 [Worker-65: https://download.oracle.com/otn_software/oepe/library/oracle-maf-2.3.0.1-rt/p2.index] INFO  o.a.h.c.h.i.c.HttpRequestRetryExec - Recoverable I/O exception (java.net.SocketException) caught when processing request to {s}->https://download.oracle.com:443
2022-04-05 17:03:42,595 [Worker-66: https://download.oracle.com/otn_software/oepe/library/oracle-maf-2.3.0.1-rt/content.jar] INFO  o.a.h.c.h.i.c.HttpRequestRetryExec - Recoverable I/O exception (java.net.SocketException) caught when processing request to {s}->https://download.oracle.com:443
2022-04-05 17:03:42,603 [Worker-65: https://download.oracle.com/otn_software/oepe/library/oracle-maf-2.3.0.1-rt/content.xml] INFO  o.a.h.c.h.i.c.HttpRequestRetryExec - Recoverable I/O exception (java.net.SocketException) caught when processing request to {s}->https://download.oracle.com:443
2022-04-05 17:03:42,614 [Worker-58: https://download.oracle.com/otn_software/oepe/library/oracle-maf-2.3.0.0.1-examples/p2.index] INFO  o.a.h.c.h.i.c.HttpRequestRetryExec - Recoverable I/O exception (java.net.SocketException) caught when processing request to {s}->https://download.oracle.com:443
2022-04-05 17:03:42,829 [Worker-65: https://download.oracle.com/otn_software/oepe/library/oracle-maf-2.3.0.0.1-examples/p2.index] INFO  o.a.h.c.h.i.c.HttpRequestRetryExec - Recoverable I/O exception (java.net.SocketException) caught when processing request to {s}->https://download.oracle.com:443
2022-04-05 17:03:42,838 [Worker-67: https://download.oracle.com/otn_software/oepe/library/oracle-maf-2.3.0.0.1-examples/content.jar] INFO  o.a.h.c.h.i.c.HttpRequestRetryExec - Recoverable I/O exception (java.net.SocketException) caught when processing request to {s}->https://download.oracle.com:443
2022-04-05 17:03:42,847 [Worker-58: https://download.oracle.com/otn_software/oepe/library/oracle-maf-2.3.0.0.1-examples/content.xml] INFO  o.a.h.c.h.i.c.HttpRequestRetryExec - Recoverable I/O exception (java.net.SocketException) caught when processing request to {s}->https://download.oracle.com:443
2022-04-05 17:03:42,860 [Worker-67: https://download.oracle.com/otn_software/oepe/library/oracle-maf-2.3.1-rt/p2.index] INFO  o.a.h.c.h.i.c.HttpRequestRetryExec - Recoverable I/O exception (java.net.SocketException) caught when processing request to {s}->https://download.oracle.com:443
2022-04-05 17:03:43,073 [Worker-58: https://download.oracle.com/otn_software/oepe/library/oracle-maf-2.3.1-rt/p2.index] INFO  o.a.h.c.h.i.c.HttpRequestRetryExec - Recoverable I/O exception (java.net.SocketException) caught when processing request to {s}->https://download.oracle.com:443
2022-04-05 17:03:43,088 [Worker-66: https://download.oracle.com/otn_software/oepe/library/oracle-maf-2.3.1-rt/content.jar] INFO  o.a.h.c.h.i.c.HttpRequestRetryExec - Recoverable I/O exception (java.net.SocketException) caught when processing request to {s}->https://download.oracle.com:443
2022-04-05 17:03:43,099 [Worker-58: https://download.oracle.com/otn_software/oepe/library/oracle-maf-2.3.1-rt/content.xml] INFO  o.a.h.c.h.i.c.HttpRequestRetryExec - Recoverable I/O exception (java.net.SocketException) caught when processing request to {s}->https://download.oracle.com:443
2022-04-05 17:03:43,113 [Worker-58: https://download.oracle.com/otn_software/oepe/library/oracle-maf-2.3.1-examples/p2.index] INFO  o.a.h.c.h.i.c.HttpRequestRetryExec - Recoverable I/O exception (java.net.SocketException) caught when processing request to {s}->https://download.oracle.com:443
2022-04-05 17:03:43,334 [Worker-67: https://download.oracle.com/otn_software/oepe/library/oracle-maf-2.3.1-examples/p2.index] INFO  o.a.h.c.h.i.c.HttpRequestRetryExec - Recoverable I/O exception (java.net.SocketException) caught when processing request to {s}->https://download.oracle.com:443
2022-04-05 17:03:43,344 [Worker-67: https://download.oracle.com/otn_software/oepe/library/oracle-maf-2.3.1-examples/content.jar] INFO  o.a.h.c.h.i.c.HttpRequestRetryExec - Recoverable I/O exception (java.net.SocketException) caught when processing request to {s}->https://download.oracle.com:443
2022-04-05 17:03:43,366 [Worker-68: https://download.oracle.com/otn_software/oepe/library/oracle-maf-2.3.1-examples/content.xml] INFO  o.a.h.c.h.i.c.HttpRequestRetryExec - Recoverable I/O exception (java.net.SocketException) caught when processing request to {s}->https://download.oracle.com:443
2022-04-05 17:03:43,381 [Worker-68: https://download.oracle.com/otn_software/oepe/library/oracle-maf-2.3.2-rt/p2.index] INFO  o.a.h.c.h.i.c.HttpRequestRetryExec - Recoverable I/O exception (java.net.SocketException) caught when processing request to {s}->https://download.oracle.com:443
2022-04-05 17:03:43,593 [Worker-66: https://download.oracle.com/otn_software/oepe/library/oracle-maf-2.3.2-rt/p2.index] INFO  o.a.h.c.h.i.c.HttpRequestRetryExec - Recoverable I/O exception (java.net.SocketException) caught when processing request to {s}->https://download.oracle.com:443
2022-04-05 17:03:43,604 [Worker-69: https://download.oracle.com/otn_software/oepe/library/oracle-maf-2.3.2-rt/content.jar] INFO  o.a.h.c.h.i.c.HttpRequestRetryExec - Recoverable I/O exception (java.net.SocketException) caught when processing request to {s}->https://download.oracle.com:443
2022-04-05 17:03:43,625 [Worker-66: https://download.oracle.com/otn_software/oepe/library/oracle-maf-2.3.2-rt/content.xml] INFO  o.a.h.c.h.i.c.HttpRequestRetryExec - Recoverable I/O exception (java.net.SocketException) caught when processing request to {s}->https://download.oracle.com:443
2022-04-05 17:03:43,641 [Worker-70: https://download.oracle.com/otn_software/oepe/library/oracle-maf-2.3.2-examples/p2.index] INFO  o.a.h.c.h.i.c.HttpRequestRetryExec - Recoverable I/O exception (java.net.SocketException) caught when processing request to {s}->https://download.oracle.com:443
2022-04-05 17:03:43,863 [Worker-66: https://download.oracle.com/otn_software/oepe/library/oracle-maf-2.3.2-examples/p2.index] INFO  o.a.h.c.h.i.c.HttpRequestRetryExec - Recoverable I/O exception (java.net.SocketException) caught when processing request to {s}->https://download.oracle.com:443
2022-04-05 17:03:43,872 [Worker-68: https://download.oracle.com/otn_software/oepe/library/oracle-maf-2.3.2-examples/content.jar] INFO  o.a.h.c.h.i.c.HttpRequestRetryExec - Recoverable I/O exception (java.net.SocketException) caught when processing request to {s}->https://download.oracle.com:443
2022-04-05 17:03:43,881 [Worker-66: https://download.oracle.com/otn_software/oepe/library/oracle-maf-2.3.2-examples/content.xml] INFO  o.a.h.c.h.i.c.HttpRequestRetryExec - Recoverable I/O exception (java.net.SocketException) caught when processing request to {s}->https://download.oracle.com:443
2022-04-05 17:03:43,894 [Worker-68: https://download.oracle.com/otn_software/oepe/library/oracle-maf-2.3.3-rt/p2.index] INFO  o.a.h.c.h.i.c.HttpRequestRetryExec - Recoverable I/O exception (java.net.SocketException) caught when processing request to {s}->https://download.oracle.com:443
2022-04-05 17:03:44,107 [Worker-70: https://download.oracle.com/otn_software/oepe/library/oracle-maf-2.3.3-rt/p2.index] INFO  o.a.h.c.h.i.c.HttpRequestRetryExec - Recoverable I/O exception (java.net.SocketException) caught when processing request to {s}->https://download.oracle.com:443
2022-04-05 17:03:44,119 [Worker-68: https://download.oracle.com/otn_software/oepe/library/oracle-maf-2.3.3-rt/content.jar] INFO  o.a.h.c.h.i.c.HttpRequestRetryExec - Recoverable I/O exception (java.net.SocketException) caught when processing request to {s}->https://download.oracle.com:443
2022-04-05 17:03:44,129 [Worker-71: https://download.oracle.com/otn_software/oepe/library/oracle-maf-2.3.3-rt/content.xml] INFO  o.a.h.c.h.i.c.HttpRequestRetryExec - Recoverable I/O exception (java.net.SocketException) caught when processing request to {s}->https://download.oracle.com:443
2022-04-05 17:03:44,146 [Worker-70: https://download.oracle.com/otn_software/oepe/library/oracle-maf-2.3.3-examples/p2.index] INFO  o.a.h.c.h.i.c.HttpRequestRetryExec - Recoverable I/O exception (java.net.SocketException) caught when processing request to {s}->https://download.oracle.com:443
2022-04-05 17:03:44,371 [Worker-71: https://download.oracle.com/otn_software/oepe/library/oracle-maf-2.3.3-examples/p2.index] INFO  o.a.h.c.h.i.c.HttpRequestRetryExec - Recoverable I/O exception (java.net.SocketException) caught when processing request to {s}->https://download.oracle.com:443
2022-04-05 17:03:44,382 [Worker-72: https://download.oracle.com/otn_software/oepe/library/oracle-maf-2.3.3-examples/content.jar] INFO  o.a.h.c.h.i.c.HttpRequestRetryExec - Recoverable I/O exception (java.net.SocketException) caught when processing request to {s}->https://download.oracle.com:443
2022-04-05 17:03:44,392 [Worker-71: https://download.oracle.com/otn_software/oepe/library/oracle-maf-2.3.3-examples/content.xml] INFO  o.a.h.c.h.i.c.HttpRequestRetryExec - Recoverable I/O exception (java.net.SocketException) caught when processing request to {s}->https://download.oracle.com:443
2022-04-05 17:09:37,953 [Worker-2: Loading available Gradle versions] INFO  o.e.b.c.i.u.g.PublishedGradleVersions - Gradle version information cache is up-to-date. Trying to read.
2022-04-06 00:45:56,365 [Worker-5: Loading available Gradle versions] INFO  o.e.b.c.i.u.g.PublishedGradleVersions - Gradle version information cache is up-to-date. Trying to read.
2022-04-06 23:43:19,352 [Worker-6: Loading available Gradle versions] INFO  o.e.b.c.i.u.g.PublishedGradleVersions - Gradle version information cache is out-of-date. Trying to update.
2022-04-07 00:43:52,074 [Worker-13: Loading available Gradle versions] INFO  o.e.b.c.i.u.g.PublishedGradleVersions - Gradle version information cache is up-to-date. Trying to read.
2022-04-07 03:03:46,327 [Worker-3: Loading available Gradle versions] INFO  o.e.b.c.i.u.g.PublishedGradleVersions - Gradle version information cache is up-to-date. Trying to read.
2022-04-07 10:18:30,577 [Worker-2: Loading available Gradle versions] INFO  o.e.b.c.i.u.g.PublishedGradleVersions - Gradle version information cache is up-to-date. Trying to read.
2022-04-07 12:38:20,546 [Worker-14: Loading available Gradle versions] INFO  o.e.b.c.i.u.g.PublishedGradleVersions - Gradle version information cache is up-to-date. Trying to read.
2022-04-08 03:06:31,660 [Worker-6: Loading available Gradle versions] INFO  o.e.b.c.i.u.g.PublishedGradleVersions - Gradle version information cache is out-of-date. Trying to update.
